<?xml version="1.0" encoding="UTF-8"?>
<!-- Generated by org.testng.reporters.JUnitReportReporter -->
<testsuite hostname="DESKTOP-B2QSJ40" failures="0" tests="1" name="com.moneygaming.tests.RegistrationTest" time="54.639" errors="0" timestamp="2025-01-30T16:38:26 EET" skipped="0">
  <testcase classname="com.moneygaming.tests.RegistrationTest" name="testRegistration" time="54.639"/>
</testsuite> <!-- com.moneygaming.tests.RegistrationTest -->
